\BOOKMARK [1][-]{section.1}{Topological spaces}{}% 1
\BOOKMARK [2][-]{subsection.1.1}{Basis for a topology}{section.1}% 2
\BOOKMARK [2][-]{subsection.1.2}{Subbasis for a topology}{section.1}% 3
\BOOKMARK [2][-]{subsection.1.3}{Closed sets and limit points}{section.1}% 4
\BOOKMARK [3][-]{subsubsection.1.3.1}{Convergent sequences}{subsection.1.3}% 5
\BOOKMARK [2][-]{subsection.1.4}{Examples of topologies}{section.1}% 6
\BOOKMARK [2][-]{subsection.1.5}{Derived topologies}{section.1}% 7
\BOOKMARK [2][-]{subsection.1.6}{The \(general\) product topology}{section.1}% 8
\BOOKMARK [2][-]{subsection.1.7}{Metric topology}{section.1}% 9
\BOOKMARK [2][-]{subsection.1.8}{Quotient topology}{section.1}% 10
\BOOKMARK [2][-]{subsection.1.9}{Separation axioms \(continued later\)}{section.1}% 11
\BOOKMARK [1][-]{section.2}{Continuous functions}{}% 12
\BOOKMARK [1][-]{section.3}{Connectedness and compactness}{}% 13
\BOOKMARK [2][-]{subsection.3.1}{Connected spaces}{section.3}% 14
\BOOKMARK [2][-]{subsection.3.2}{Compact spaces}{section.3}% 15
\BOOKMARK [1][-]{section.4}{Countability and separation axioms}{}% 16
\BOOKMARK [1][-]{section.5}{Manifolds}{}% 17
\BOOKMARK [1][-]{section.6}{Algebraic topology}{}% 18
\BOOKMARK [2][-]{subsection.6.1}{Fundamental group}{section.6}% 19
\BOOKMARK [3][-]{subsubsection.6.1.1}{Computing fundamental groups}{subsection.6.1}% 20
\BOOKMARK [2][-]{subsection.6.2}{Retractions and fixed points}{section.6}% 21
\BOOKMARK [2][-]{subsection.6.3}{}{section.6}% 22
\BOOKMARK [1][-]{section.7}{Differential equations}{}% 23
